# JRE version: OpenJDK Runtime Environment (24.0.2+12) (build 24.0.2+12-54)
# Java VM: OpenJDK 64-Bit Server VM (24.0.2+12-54, mixed mode, sharing, tiered, compressed oops, compressed class ptrs, g1 gc, windows-amd64)
GC Precious Log:
 CardTable entry size: 512
 Card Set container configuration: InlinePtr #cards 5 size 8 Array Of Cards #cards 10 size 36 Howl #buckets 4 coarsen threshold 1843 Howl Bitmap #cards 512 size 80 coarsen threshold 460 Card regions per heap region 1 cards per card region 2048
 CPUs: 12 total, 12 available
 Memory: 7531M
 Large Page Support: Disabled
 NUMA Support: Disabled
 Compressed Oops: Enabled (32-bit)
 Heap Region Size: 1M
 Heap Min Capacity: 8M
 Heap Initial Capacity: 118M
 Heap Max Capacity: 1884M
 Pre-touch: Disabled
 Parallel Workers: 10
 Concurrent Workers: 3
 Concurrent Refinement Workers: 10
 Periodic GC: Disabled
Heap:
 garbage-first heap   total reserved 1929216K, committed 126976K, used 87040K [0x000000008a400000, 0x0000000100000000)
  region size 1024K, 37 young (37888K), 2 survivors (2048K)
 Metaspace       used 35324K, committed 35840K, reserved 1114112K
  class space    used 3495K, committed 3712K, reserved 1048576K
GC Heap History (16 events):
Event: 3.493 GC heap before
{Heap before GC invocations=0 (full 0):
 garbage-first heap   total reserved 1929216K, committed 122880K, used 49264K [0x000000008a400000, 0x0000000100000000)
  region size 1024K, 47 young (48128K), 0 survivors (0K)
 Metaspace       used 9731K, committed 9984K, reserved 1114112K
  class space    used 885K, committed 1024K, reserved 1048576K
}
Event: 3.507 GC heap after
{Heap after GC invocations=1 (full 0):
 garbage-first heap   total reserved 1929216K, committed 122880K, used 6192K [0x000000008a400000, 0x0000000100000000)
  region size 1024K, 5 young (5120K), 5 survivors (5120K)
 Metaspace       used 9731K, committed 9984K, reserved 1114112K
  class space    used 885K, committed 1024K, reserved 1048576K
}
Event: 5.822 GC heap before
{Heap before GC invocations=1 (full 0):
 garbage-first heap   total reserved 1929216K, committed 122880K, used 58416K [0x000000008a400000, 0x0000000100000000)
  region size 1024K, 56 young (57344K), 5 survivors (5120K)
 Metaspace       used 15596K, committed 15872K, reserved 1114112K
  class space    used 1532K, committed 1664K, reserved 1048576K
}
Event: 5.859 GC heap after
{Heap after GC invocations=2 (full 0):
 garbage-first heap   total reserved 1929216K, committed 122880K, used 11586K [0x000000008a400000, 0x0000000100000000)
  region size 1024K, 6 young (6144K), 6 survivors (6144K)
 Metaspace       used 15596K, committed 15872K, reserved 1114112K
  class space    used 1532K, committed 1664K, reserved 1048576K
}
Event: 8.453 GC heap before
{Heap before GC invocations=2 (full 0):
 garbage-first heap   total reserved 1929216K, committed 122880K, used 68930K [0x000000008a400000, 0x0000000100000000)
  region size 1024K, 62 young (63488K), 6 survivors (6144K)
 Metaspace       used 16889K, committed 17088K, reserved 1114112K
  class space    used 1650K, committed 1728K, reserved 1048576K
}
Event: 8.474 GC heap after
{Heap after GC invocations=3 (full 0):
 garbage-first heap   total reserved 1929216K, committed 122880K, used 15472K [0x000000008a400000, 0x0000000100000000)
  region size 1024K, 4 young (4096K), 4 survivors (4096K)
 Metaspace       used 16889K, committed 17088K, reserved 1114112K
  class space    used 1650K, committed 1728K, reserved 1048576K
}
Event: 9.806 GC heap before
{Heap before GC invocations=3 (full 0):
 garbage-first heap   total reserved 1929216K, committed 122880K, used 52336K [0x000000008a400000, 0x0000000100000000)
  region size 1024K, 38 young (38912K), 4 survivors (4096K)
 Metaspace       used 21150K, committed 21504K, reserved 1114112K
  class space    used 2061K, committed 2176K, reserved 1048576K
}
Event: 9.826 GC heap after
{Heap after GC invocations=4 (full 0):
 garbage-first heap   total reserved 1929216K, committed 122880K, used 24176K [0x000000008a400000, 0x0000000100000000)
  region size 1024K, 8 young (8192K), 8 survivors (8192K)
 Metaspace       used 21150K, committed 21504K, reserved 1114112K
  class space    used 2061K, committed 2176K, reserved 1048576K
}
Event: 11.657 GC heap before
{Heap before GC invocations=5 (full 0):
 garbage-first heap   total reserved 1929216K, committed 86016K, used 83568K [0x000000008a400000, 0x0000000100000000)
  region size 1024K, 67 young (68608K), 8 survivors (8192K)
 Metaspace       used 27622K, committed 28096K, reserved 1114112K
  class space    used 2732K, committed 2944K, reserved 1048576K
}
Event: 11.682 GC heap after
{Heap after GC invocations=6 (full 0):
 garbage-first heap   total reserved 1929216K, committed 105472K, used 33373K [0x000000008a400000, 0x0000000100000000)
  region size 1024K, 9 young (9216K), 9 survivors (9216K)
 Metaspace       used 27622K, committed 28096K, reserved 1114112K
  class space    used 2732K, committed 2944K, reserved 1048576K
}
Event: 12.610 GC heap before
{Heap before GC invocations=6 (full 0):
 garbage-first heap   total reserved 1929216K, committed 105472K, used 79453K [0x000000008a400000, 0x0000000100000000)
  region size 1024K, 54 young (55296K), 9 survivors (9216K)
 Metaspace       used 30322K, committed 30848K, reserved 1114112K
  class space    used 3017K, committed 3264K, reserved 1048576K
}
Event: 12.631 GC heap after
{Heap after GC invocations=7 (full 0):
 garbage-first heap   total reserved 1929216K, committed 105472K, used 36352K [0x000000008a400000, 0x0000000100000000)
  region size 1024K, 2 young (2048K), 2 survivors (2048K)
 Metaspace       used 30322K, committed 30848K, reserved 1114112K
  class space    used 3017K, committed 3264K, reserved 1048576K
}
Event: 13.605 GC heap before
{Heap before GC invocations=7 (full 0):
 garbage-first heap   total reserved 1929216K, committed 105472K, used 87552K [0x000000008a400000, 0x0000000100000000)
  region size 1024K, 48 young (49152K), 2 survivors (2048K)
 Metaspace       used 30704K, committed 31296K, reserved 1114112K
  class space    used 3069K, committed 3328K, reserved 1048576K
}
Event: 13.630 GC heap after
{Heap after GC invocations=8 (full 0):
 garbage-first heap   total reserved 1929216K, committed 105472K, used 54784K [0x000000008a400000, 0x0000000100000000)
  region size 1024K, 6 young (6144K), 6 survivors (6144K)
 Metaspace       used 30704K, committed 31296K, reserved 1114112K
  class space    used 3069K, committed 3328K, reserved 1048576K
}
Event: 14.439 GC heap before
{Heap before GC invocations=8 (full 0):
 garbage-first heap   total reserved 1929216K, committed 105472K, used 84480K [0x000000008a400000, 0x0000000100000000)
  region size 1024K, 36 young (36864K), 6 survivors (6144K)
 Metaspace       used 32078K, committed 32640K, reserved 1114112K
  class space    used 3206K, committed 3456K, reserved 1048576K
}
Event: 14.449 GC heap after
{Heap after GC invocations=9 (full 0):
 garbage-first heap   total reserved 1929216K, committed 126976K, used 53248K [0x000000008a400000, 0x0000000100000000)
  region size 1024K, 2 young (2048K), 2 survivors (2048K)
 Metaspace       used 32078K, committed 32640K, reserved 1114112K
  class space    used 3206K, committed 3456K, reserved 1048576K
}

