# JRE version: OpenJDK Runtime Environment Temurin-21.0.8+9 (21.0.8+9) (build 21.0.8+9-LTS)
# Java VM: OpenJDK 64-Bit Server VM Temurin-21.0.8+9 (21.0.8+9-LTS, mixed mode, sharing, tiered, compressed oops, compressed class ptrs, parallel gc, windows-amd64)
GC Precious Log:
 CardTable entry size: 512
 CPUs: 12 total, 12 available
 Memory: 7531M
 Large Page Support: Disabled
 NUMA Support: Disabled
 Compressed Oops: Enabled (32-bit)
 Alignments: Space 512K, Generation 512K, Heap 2M
 Heap Min Capacity: 100M
 Heap Initial Capacity: 100M
 Heap Max Capacity: 2G
 Pre-touch: Disabled
 Parallel Workers: 10
Heap:
 PSYoungGen      total 2048K, used 1328K [0x00000000d5580000, 0x00000000d5880000, 0x0000000100000000)
  eden space 1536K, 61% used [0x00000000d5580000,0x00000000d566c068,0x00000000d5700000)
  from space 512K, 75% used [0x00000000d5780000,0x00000000d57e0000,0x00000000d5800000)
  to   space 512K, 0% used [0x00000000d5800000,0x00000000d5800000,0x00000000d5880000)
 ParOldGen       total 212480K, used 212478K [0x0000000080000000, 0x000000008cf80000, 0x00000000d5580000)
  object space 212480K, 99% used [0x0000000080000000,0x000000008cf7f980,0x000000008cf80000)
 Metaspace       used 77620K, committed 79424K, reserved 1179648K
  class space    used 8351K, committed 9152K, reserved 1048576K
GC Heap History (20 events):
Event: 24.168 GC heap before
{Heap before GC invocations=276 (full 3):
 PSYoungGen      total 2048K, used 1824K [0x00000000d5580000, 0x00000000d5880000, 0x0000000100000000)
  eden space 1536K, 100% used [0x00000000d5580000,0x00000000d5700000,0x00000000d5700000)
  from space 512K, 56% used [0x00000000d5700000,0x00000000d5748000,0x00000000d5780000)
  to   space 512K, 0% used [0x00000000d5800000,0x00000000d5800000,0x00000000d5880000)
 ParOldGen       total 207360K, used 206960K [0x0000000080000000, 0x000000008ca80000, 0x00000000d5580000)
  object space 207360K, 99% used [0x0000000080000000,0x000000008ca1c178,0x000000008ca80000)
 Metaspace       used 76938K, committed 78656K, reserved 1179648K
  class space    used 8256K, committed 9024K, reserved 1048576K
}
Event: 24.169 GC heap after
{Heap after GC invocations=276 (full 3):
 PSYoungGen      total 2048K, used 352K [0x00000000d5580000, 0x00000000d5880000, 0x0000000100000000)
  eden space 1536K, 0% used [0x00000000d5580000,0x00000000d5580000,0x00000000d5700000)
  from space 512K, 68% used [0x00000000d5800000,0x00000000d5858000,0x00000000d5880000)
  to   space 512K, 0% used [0x00000000d5700000,0x00000000d5700000,0x00000000d5780000)
 ParOldGen       total 207360K, used 207064K [0x0000000080000000, 0x000000008ca80000, 0x00000000d5580000)
  object space 207360K, 99% used [0x0000000080000000,0x000000008ca36188,0x000000008ca80000)
 Metaspace       used 76938K, committed 78656K, reserved 1179648K
  class space    used 8256K, committed 9024K, reserved 1048576K
}
Event: 24.177 GC heap before
{Heap before GC invocations=277 (full 3):
 PSYoungGen      total 2048K, used 1762K [0x00000000d5580000, 0x00000000d5880000, 0x0000000100000000)
  eden space 1536K, 91% used [0x00000000d5580000,0x00000000d56e0ad0,0x00000000d5700000)
  from space 512K, 68% used [0x00000000d5800000,0x00000000d5858000,0x00000000d5880000)
  to   space 512K, 0% used [0x00000000d5700000,0x00000000d5700000,0x00000000d5780000)
 ParOldGen       total 207360K, used 207064K [0x0000000080000000, 0x000000008ca80000, 0x00000000d5580000)
  object space 207360K, 99% used [0x0000000080000000,0x000000008ca36188,0x000000008ca80000)
 Metaspace       used 77064K, committed 78848K, reserved 1179648K
  class space    used 8273K, committed 9088K, reserved 1048576K
}
Event: 24.178 GC heap after
{Heap after GC invocations=277 (full 3):
 PSYoungGen      total 2048K, used 469K [0x00000000d5580000, 0x00000000d5880000, 0x0000000100000000)
  eden space 1536K, 0% used [0x00000000d5580000,0x00000000d5580000,0x00000000d5700000)
  from space 512K, 91% used [0x00000000d5700000,0x00000000d5775600,0x00000000d5780000)
  to   space 512K, 0% used [0x00000000d5800000,0x00000000d5800000,0x00000000d5880000)
 ParOldGen       total 208384K, used 208258K [0x0000000080000000, 0x000000008cb80000, 0x00000000d5580000)
  object space 208384K, 99% used [0x0000000080000000,0x000000008cb60a68,0x000000008cb80000)
 Metaspace       used 77064K, committed 78848K, reserved 1179648K
  class space    used 8273K, committed 9088K, reserved 1048576K
}
Event: 24.179 GC heap before
{Heap before GC invocations=278 (full 3):
 PSYoungGen      total 2048K, used 2005K [0x00000000d5580000, 0x00000000d5880000, 0x0000000100000000)
  eden space 1536K, 100% used [0x00000000d5580000,0x00000000d5700000,0x00000000d5700000)
  from space 512K, 91% used [0x00000000d5700000,0x00000000d5775600,0x00000000d5780000)
  to   space 512K, 0% used [0x00000000d5800000,0x00000000d5800000,0x00000000d5880000)
 ParOldGen       total 208384K, used 208258K [0x0000000080000000, 0x000000008cb80000, 0x00000000d5580000)
  object space 208384K, 99% used [0x0000000080000000,0x000000008cb60a68,0x000000008cb80000)
 Metaspace       used 77065K, committed 78848K, reserved 1179648K
  class space    used 8273K, committed 9088K, reserved 1048576K
}
Event: 24.181 GC heap after
{Heap after GC invocations=278 (full 3):
 PSYoungGen      total 2048K, used 501K [0x00000000d5580000, 0x00000000d5980000, 0x0000000100000000)
  eden space 1536K, 0% used [0x00000000d5580000,0x00000000d5580000,0x00000000d5700000)
  from space 512K, 97% used [0x00000000d5800000,0x00000000d587d5e0,0x00000000d5880000)
  to   space 1024K, 0% used [0x00000000d5700000,0x00000000d5700000,0x00000000d5800000)
 ParOldGen       total 211456K, used 211241K [0x0000000080000000, 0x000000008ce80000, 0x00000000d5580000)
  object space 211456K, 99% used [0x0000000080000000,0x000000008ce4a760,0x000000008ce80000)
 Metaspace       used 77065K, committed 78848K, reserved 1179648K
  class space    used 8273K, committed 9088K, reserved 1048576K
}
Event: 24.188 GC heap before
{Heap before GC invocations=279 (full 3):
 PSYoungGen      total 2048K, used 2037K [0x00000000d5580000, 0x00000000d5980000, 0x0000000100000000)
  eden space 1536K, 100% used [0x00000000d5580000,0x00000000d5700000,0x00000000d5700000)
  from space 512K, 97% used [0x00000000d5800000,0x00000000d587d5e0,0x00000000d5880000)
  to   space 1024K, 0% used [0x00000000d5700000,0x00000000d5700000,0x00000000d5800000)
 ParOldGen       total 211456K, used 211241K [0x0000000080000000, 0x000000008ce80000, 0x00000000d5580000)
  object space 211456K, 99% used [0x0000000080000000,0x000000008ce4a760,0x000000008ce80000)
 Metaspace       used 77089K, committed 78848K, reserved 1179648K
  class space    used 8273K, committed 9088K, reserved 1048576K
}
Event: 24.189 GC heap after
{Heap after GC invocations=279 (full 3):
 PSYoungGen      total 2560K, used 288K [0x00000000d5580000, 0x00000000d5880000, 0x0000000100000000)
  eden space 1536K, 0% used [0x00000000d5580000,0x00000000d5580000,0x00000000d5700000)
  from space 1024K, 28% used [0x00000000d5700000,0x00000000d5748000,0x00000000d5800000)
  to   space 512K, 0% used [0x00000000d5800000,0x00000000d5800000,0x00000000d5880000)
 ParOldGen       total 211456K, used 211297K [0x0000000080000000, 0x000000008ce80000, 0x00000000d5580000)
  object space 211456K, 99% used [0x0000000080000000,0x000000008ce58760,0x000000008ce80000)
 Metaspace       used 77089K, committed 78848K, reserved 1179648K
  class space    used 8273K, committed 9088K, reserved 1048576K
}
Event: 24.213 GC heap before
{Heap before GC invocations=280 (full 3):
 PSYoungGen      total 2560K, used 1823K [0x00000000d5580000, 0x00000000d5880000, 0x0000000100000000)
  eden space 1536K, 99% used [0x00000000d5580000,0x00000000d56fffe0,0x00000000d5700000)
  from space 1024K, 28% used [0x00000000d5700000,0x00000000d5748000,0x00000000d5800000)
  to   space 512K, 0% used [0x00000000d5800000,0x00000000d5800000,0x00000000d5880000)
 ParOldGen       total 211456K, used 211297K [0x0000000080000000, 0x000000008ce80000, 0x00000000d5580000)
  object space 211456K, 99% used [0x0000000080000000,0x000000008ce58760,0x000000008ce80000)
 Metaspace       used 77331K, committed 79104K, reserved 1179648K
  class space    used 8307K, committed 9088K, reserved 1048576K
}
Event: 24.214 GC heap after
{Heap after GC invocations=280 (full 3):
 PSYoungGen      total 2048K, used 320K [0x00000000d5580000, 0x00000000d5880000, 0x0000000100000000)
  eden space 1536K, 0% used [0x00000000d5580000,0x00000000d5580000,0x00000000d5700000)
  from space 512K, 62% used [0x00000000d5800000,0x00000000d5850000,0x00000000d5880000)
  to   space 512K, 0% used [0x00000000d5780000,0x00000000d5780000,0x00000000d5800000)
 ParOldGen       total 211456K, used 211449K [0x0000000080000000, 0x000000008ce80000, 0x00000000d5580000)
  object space 211456K, 99% used [0x0000000080000000,0x000000008ce7e760,0x000000008ce80000)
 Metaspace       used 77331K, committed 79104K, reserved 1179648K
  class space    used 8307K, committed 9088K, reserved 1048576K
}
Event: 24.233 GC heap before
{Heap before GC invocations=281 (full 3):
 PSYoungGen      total 2048K, used 1856K [0x00000000d5580000, 0x00000000d5880000, 0x0000000100000000)
  eden space 1536K, 100% used [0x00000000d5580000,0x00000000d5700000,0x00000000d5700000)
  from space 512K, 62% used [0x00000000d5800000,0x00000000d5850000,0x00000000d5880000)
  to   space 512K, 0% used [0x00000000d5780000,0x00000000d5780000,0x00000000d5800000)
 ParOldGen       total 211456K, used 211449K [0x0000000080000000, 0x000000008ce80000, 0x00000000d5580000)
  object space 211456K, 99% used [0x0000000080000000,0x000000008ce7e760,0x000000008ce80000)
 Metaspace       used 77520K, committed 79232K, reserved 1179648K
  class space    used 8337K, committed 9088K, reserved 1048576K
}
Event: 24.234 GC heap after
{Heap after GC invocations=281 (full 3):
 PSYoungGen      total 2048K, used 352K [0x00000000d5580000, 0x00000000d5880000, 0x0000000100000000)
  eden space 1536K, 0% used [0x00000000d5580000,0x00000000d5580000,0x00000000d5700000)
  from space 512K, 68% used [0x00000000d5780000,0x00000000d57d8000,0x00000000d5800000)
  to   space 512K, 0% used [0x00000000d5800000,0x00000000d5800000,0x00000000d5880000)
 ParOldGen       total 211968K, used 211569K [0x0000000080000000, 0x000000008cf00000, 0x00000000d5580000)
  object space 211968K, 99% used [0x0000000080000000,0x000000008ce9c770,0x000000008cf00000)
 Metaspace       used 77520K, committed 79232K, reserved 1179648K
  class space    used 8337K, committed 9088K, reserved 1048576K
}
Event: 26.978 GC heap before
{Heap before GC invocations=282 (full 3):
 PSYoungGen      total 2048K, used 1888K [0x00000000d5580000, 0x00000000d5880000, 0x0000000100000000)
  eden space 1536K, 100% used [0x00000000d5580000,0x00000000d5700000,0x00000000d5700000)
  from space 512K, 68% used [0x00000000d5780000,0x00000000d57d8000,0x00000000d5800000)
  to   space 512K, 0% used [0x00000000d5800000,0x00000000d5800000,0x00000000d5880000)
 ParOldGen       total 211968K, used 211569K [0x0000000080000000, 0x000000008cf00000, 0x00000000d5580000)
  object space 211968K, 99% used [0x0000000080000000,0x000000008ce9c770,0x000000008cf00000)
 Metaspace       used 77592K, committed 79296K, reserved 1179648K
  class space    used 8350K, committed 9088K, reserved 1048576K
}
Event: 26.979 GC heap after
{Heap after GC invocations=282 (full 3):
 PSYoungGen      total 2048K, used 346K [0x00000000d5580000, 0x00000000d5880000, 0x0000000100000000)
  eden space 1536K, 0% used [0x00000000d5580000,0x00000000d5580000,0x00000000d5700000)
  from space 512K, 67% used [0x00000000d5800000,0x00000000d5856900,0x00000000d5880000)
  to   space 512K, 0% used [0x00000000d5780000,0x00000000d5780000,0x00000000d5800000)
 ParOldGen       total 211968K, used 211785K [0x0000000080000000, 0x000000008cf00000, 0x00000000d5580000)
  object space 211968K, 99% used [0x0000000080000000,0x000000008ced2770,0x000000008cf00000)
 Metaspace       used 77592K, committed 79296K, reserved 1179648K
  class space    used 8350K, committed 9088K, reserved 1048576K
}
Event: 26.987 GC heap before
{Heap before GC invocations=283 (full 3):
 PSYoungGen      total 2048K, used 1882K [0x00000000d5580000, 0x00000000d5880000, 0x0000000100000000)
  eden space 1536K, 100% used [0x00000000d5580000,0x00000000d5700000,0x00000000d5700000)
  from space 512K, 67% used [0x00000000d5800000,0x00000000d5856900,0x00000000d5880000)
  to   space 512K, 0% used [0x00000000d5780000,0x00000000d5780000,0x00000000d5800000)
 ParOldGen       total 211968K, used 211785K [0x0000000080000000, 0x000000008cf00000, 0x00000000d5580000)
  object space 211968K, 99% used [0x0000000080000000,0x000000008ced2770,0x000000008cf00000)
 Metaspace       used 77596K, committed 79296K, reserved 1179648K
  class space    used 8350K, committed 9088K, reserved 1048576K
}
Event: 26.989 GC heap after
{Heap after GC invocations=283 (full 3):
 PSYoungGen      total 2048K, used 432K [0x00000000d5580000, 0x00000000d5880000, 0x0000000100000000)
  eden space 1536K, 0% used [0x00000000d5580000,0x00000000d5580000,0x00000000d5700000)
  from space 512K, 84% used [0x00000000d5780000,0x00000000d57ec010,0x00000000d5800000)
  to   space 512K, 0% used [0x00000000d5800000,0x00000000d5800000,0x00000000d5880000)
 ParOldGen       total 211968K, used 211942K [0x0000000080000000, 0x000000008cf00000, 0x00000000d5580000)
  object space 211968K, 99% used [0x0000000080000000,0x000000008cef9970,0x000000008cf00000)
 Metaspace       used 77596K, committed 79296K, reserved 1179648K
  class space    used 8350K, committed 9088K, reserved 1048576K
}
Event: 26.999 GC heap before
{Heap before GC invocations=284 (full 3):
 PSYoungGen      total 2048K, used 1968K [0x00000000d5580000, 0x00000000d5880000, 0x0000000100000000)
  eden space 1536K, 100% used [0x00000000d5580000,0x00000000d5700000,0x00000000d5700000)
  from space 512K, 84% used [0x00000000d5780000,0x00000000d57ec010,0x00000000d5800000)
  to   space 512K, 0% used [0x00000000d5800000,0x00000000d5800000,0x00000000d5880000)
 ParOldGen       total 211968K, used 211942K [0x0000000080000000, 0x000000008cf00000, 0x00000000d5580000)
  object space 211968K, 99% used [0x0000000080000000,0x000000008cef9970,0x000000008cf00000)
 Metaspace       used 77598K, committed 79296K, reserved 1179648K
  class space    used 8350K, committed 9088K, reserved 1048576K
}
Event: 27.000 GC heap after
{Heap after GC invocations=284 (full 3):
 PSYoungGen      total 2048K, used 352K [0x00000000d5580000, 0x00000000d5880000, 0x0000000100000000)
  eden space 1536K, 0% used [0x00000000d5580000,0x00000000d5580000,0x00000000d5700000)
  from space 512K, 68% used [0x00000000d5800000,0x00000000d5858000,0x00000000d5880000)
  to   space 512K, 0% used [0x00000000d5780000,0x00000000d5780000,0x00000000d5800000)
 ParOldGen       total 212480K, used 212286K [0x0000000080000000, 0x000000008cf80000, 0x00000000d5580000)
  object space 212480K, 99% used [0x0000000080000000,0x000000008cf4f980,0x000000008cf80000)
 Metaspace       used 77598K, committed 79296K, reserved 1179648K
  class space    used 8350K, committed 9088K, reserved 1048576K
}
Event: 27.012 GC heap before
{Heap before GC invocations=285 (full 3):
 PSYoungGen      total 2048K, used 1888K [0x00000000d5580000, 0x00000000d5880000, 0x0000000100000000)
  eden space 1536K, 100% used [0x00000000d5580000,0x00000000d5700000,0x00000000d5700000)
  from space 512K, 68% used [0x00000000d5800000,0x00000000d5858000,0x00000000d5880000)
  to   space 512K, 0% used [0x00000000d5780000,0x00000000d5780000,0x00000000d5800000)
 ParOldGen       total 212480K, used 212286K [0x0000000080000000, 0x000000008cf80000, 0x00000000d5580000)
  object space 212480K, 99% used [0x0000000080000000,0x000000008cf4f980,0x000000008cf80000)
 Metaspace       used 77614K, committed 79296K, reserved 1179648K
  class space    used 8350K, committed 9088K, reserved 1048576K
}
Event: 27.014 GC heap after
{Heap after GC invocations=285 (full 3):
 PSYoungGen      total 2048K, used 384K [0x00000000d5580000, 0x00000000d5880000, 0x0000000100000000)
  eden space 1536K, 0% used [0x00000000d5580000,0x00000000d5580000,0x00000000d5700000)
  from space 512K, 75% used [0x00000000d5780000,0x00000000d57e0000,0x00000000d5800000)
  to   space 512K, 0% used [0x00000000d5800000,0x00000000d5800000,0x00000000d5880000)
 ParOldGen       total 212480K, used 212478K [0x0000000080000000, 0x000000008cf80000, 0x00000000d5580000)
  object space 212480K, 99% used [0x0000000080000000,0x000000008cf7f980,0x000000008cf80000)
 Metaspace       used 77614K, committed 79296K, reserved 1179648K
  class space    used 8350K, committed 9088K, reserved 1048576K
}

